RUN	simulations.GetTenCurrencies	gettencurrencies	1639258456558	 	3.7.2
USER	Get ten currencies info (buy/sale)	START	1639258458593
USER	Get ten currencies info (buy/sale)	START	1639258458929
USER	Get ten currencies info (buy/sale)	START	1639258459260
REQUEST		USD, EUR, RUR, BTC	1639258458615	1639258459472	OK	 
USER	Get ten currencies info (buy/sale)	END	1639258459492
USER	Get ten currencies info (buy/sale)	START	1639258459588
USER	Get ten currencies info (buy/sale)	START	1639258459917
USER	Get ten currencies info (buy/sale)	START	1639258460259
USER	Get ten currencies info (buy/sale)	START	1639258460584
USER	Get ten currencies info (buy/sale)	START	1639258460915
USER	Get ten currencies info (buy/sale)	START	1639258461245
USER	Get ten currencies info (buy/sale)	START	1639258461589
USER	Get ten currencies info (buy/sale)	START	1639258461917
REQUEST		USD, EUR, RUR, BTC	1639258458929	1639258462105	OK	 
USER	Get ten currencies info (buy/sale)	END	1639258462106
USER	Get ten currencies info (buy/sale)	START	1639258462247
REQUEST		USD, EUR, RUR, BTC	1639258459260	1639258462487	OK	 
USER	Get ten currencies info (buy/sale)	END	1639258462488
REQUEST		USD, EUR, RUR, BTC	1639258460585	1639258462543	OK	 
USER	Get ten currencies info (buy/sale)	END	1639258462544
USER	Get ten currencies info (buy/sale)	START	1639258462590
USER	Get ten currencies info (buy/sale)	START	1639258462917
USER	Get ten currencies info (buy/sale)	START	1639258463247
USER	Get ten currencies info (buy/sale)	START	1639258463580
USER	Get ten currencies info (buy/sale)	START	1639258463910
USER	Get ten currencies info (buy/sale)	START	1639258464254
USER	Get ten currencies info (buy/sale)	START	1639258464583
USER	Get ten currencies info (buy/sale)	START	1639258464911
USER	Get ten currencies info (buy/sale)	START	1639258465252
USER	Get ten currencies info (buy/sale)	START	1639258465581
USER	Get ten currencies info (buy/sale)	START	1639258465924
USER	Get ten currencies info (buy/sale)	START	1639258466252
USER	Get ten currencies info (buy/sale)	START	1639258466581
USER	Get ten currencies info (buy/sale)	START	1639258466923
USER	Get ten currencies info (buy/sale)	START	1639258467252
USER	Get ten currencies info (buy/sale)	START	1639258467581
USER	Get ten currencies info (buy/sale)	START	1639258467909
USER	Get ten currencies info (buy/sale)	START	1639258468252
REQUEST		USD, EUR, RUR, BTC	1639258460915	1639258470954	KO	i.n.h.s.SslHandshakeTimeoutException: handshake timed out after 10000ms
USER	Get ten currencies info (buy/sale)	END	1639258470964
REQUEST		USD, EUR, RUR, BTC	1639258461245	1639258471285	KO	i.n.h.s.SslHandshakeTimeoutException: handshake timed out after 10000ms
USER	Get ten currencies info (buy/sale)	END	1639258471285
REQUEST		USD, EUR, RUR, BTC	1639258461589	1639258471634	KO	i.n.h.s.SslHandshakeTimeoutException: handshake timed out after 10000ms
USER	Get ten currencies info (buy/sale)	END	1639258471634
REQUEST		USD, EUR, RUR, BTC	1639258461917	1639258471965	KO	i.n.h.s.SslHandshakeTimeoutException: handshake timed out after 10000ms
USER	Get ten currencies info (buy/sale)	END	1639258471965
REQUEST		USD, EUR, RUR, BTC	1639258462247	1639258472283	KO	i.n.h.s.SslHandshakeTimeoutException: handshake timed out after 10000ms
USER	Get ten currencies info (buy/sale)	END	1639258472284
REQUEST		USD, EUR, RUR, BTC	1639258462917	1639258472370	OK	 
USER	Get ten currencies info (buy/sale)	END	1639258472370
REQUEST		USD, EUR, RUR, BTC	1639258466582	1639258472441	OK	 
USER	Get ten currencies info (buy/sale)	END	1639258472442
REQUEST		USD, EUR, RUR, BTC	1639258464255	1639258472569	OK	 
USER	Get ten currencies info (buy/sale)	END	1639258472569
REQUEST		USD, EUR, RUR, BTC	1639258462591	1639258472628	KO	i.n.h.s.SslHandshakeTimeoutException: handshake timed out after 10000ms
USER	Get ten currencies info (buy/sale)	END	1639258472629
REQUEST		USD, EUR, RUR, BTC	1639258465252	1639258472630	OK	 
USER	Get ten currencies info (buy/sale)	END	1639258472630
REQUEST		USD, EUR, RUR, BTC	1639258467910	1639258472820	OK	 
USER	Get ten currencies info (buy/sale)	END	1639258472821
REQUEST		USD, EUR, RUR, BTC	1639258459588	1639258472932	OK	 
USER	Get ten currencies info (buy/sale)	END	1639258472933
REQUEST		USD, EUR, RUR, BTC	1639258459918	1639258473021	OK	 
USER	Get ten currencies info (buy/sale)	END	1639258473022
REQUEST		USD, EUR, RUR, BTC	1639258463248	1639258473028	OK	 
USER	Get ten currencies info (buy/sale)	END	1639258473028
REQUEST		USD, EUR, RUR, BTC	1639258465582	1639258473133	OK	 
USER	Get ten currencies info (buy/sale)	END	1639258473133
REQUEST		USD, EUR, RUR, BTC	1639258464584	1639258473226	OK	 
USER	Get ten currencies info (buy/sale)	END	1639258473227
REQUEST		USD, EUR, RUR, BTC	1639258465924	1639258473329	OK	 
USER	Get ten currencies info (buy/sale)	END	1639258473330
REQUEST		USD, EUR, RUR, BTC	1639258466923	1639258473437	OK	 
USER	Get ten currencies info (buy/sale)	END	1639258473437
REQUEST		USD, EUR, RUR, BTC	1639258463581	1639258473560	OK	 
USER	Get ten currencies info (buy/sale)	END	1639258473560
REQUEST		USD, EUR, RUR, BTC	1639258467252	1639258473631	OK	 
USER	Get ten currencies info (buy/sale)	END	1639258473632
REQUEST		USD, EUR, RUR, BTC	1639258468252	1639258473735	OK	 
USER	Get ten currencies info (buy/sale)	END	1639258473736
REQUEST		USD, EUR, RUR, BTC	1639258460260	1639258473830	OK	 
USER	Get ten currencies info (buy/sale)	END	1639258473831
REQUEST		USD, EUR, RUR, BTC	1639258466252	1639258473927	OK	 
USER	Get ten currencies info (buy/sale)	END	1639258473928
REQUEST		USD, EUR, RUR, BTC	1639258464912	1639258474130	OK	 
USER	Get ten currencies info (buy/sale)	END	1639258474131
REQUEST		USD, EUR, RUR, BTC	1639258463911	1639258474332	OK	 
USER	Get ten currencies info (buy/sale)	END	1639258474333
REQUEST		USD, EUR, RUR, BTC	1639258467581	1639258474530	OK	 
USER	Get ten currencies info (buy/sale)	END	1639258474531
